Drill report for C:\Users\Mustafa\Documents\KiCad\Projects\rover-board\rover-board.kicad_pcb
Created on 02/11/2017 17:51:00

Copper Layer Stackup:
    =============================================================
    L1 :  F.Cu                      front
    L2 :  B.Cu                      back


Drill file 'rover-board.drl' contains
    plated through holes:
    =============================================================
    T1  0.40mm  0.016"  (31 holes)
    T2  0.80mm  0.031"  (16 holes)
    T3  1.00mm  0.039"  (92 holes)
    T4  1.00mm  0.039"  (19 holes)
    T5  1.10mm  0.043"  (8 holes)
    T6  2.70mm  0.106"  (2 holes)

    Total plated holes count 168


Drill file 'rover-board-NPTH.drl' contains
    unplated through holes:
    =============================================================
    T1  2.70mm  0.106"  (2 holes)

    Total unplated holes count 2
